[0m10:58:03.764910 [debug] [MainThread]: Sending event: {'category': 'dbt', 'action': 'invocation', 'label': 'start', 'context': [<snowplow_tracker.self_describing_json.SelfDescribingJson object at 0x0000015034CCA9C0>, <snowplow_tracker.self_describing_json.SelfDescribingJson object at 0x0000015034100AD0>, <snowplow_tracker.self_describing_json.SelfDescribingJson object at 0x00000150347620C0>]}


============================== 10:58:03.793909 | 3bcad35b-bb6e-4bb9-b297-2673bb9ce28a ==============================
[0m10:58:03.793909 [info ] [MainThread]: Running with dbt=1.9.3
[0m10:58:03.798223 [debug] [MainThread]: running dbt with arguments {'printer_width': '80', 'indirect_selection': 'eager', 'log_cache_events': 'False', 'write_json': 'True', 'partial_parse': 'True', 'cache_selected_only': 'False', 'warn_error': 'None', 'fail_fast': 'False', 'debug': 'False', 'log_path': 'logs', 'version_check': 'True', 'profiles_dir': 'C:\\Users\\simon\\.dbt', 'use_colors': 'True', 'use_experimental_parser': 'False', 'no_print': 'None', 'quiet': 'False', 'empty': 'None', 'log_format': 'default', 'introspect': 'True', 'warn_error_options': 'WarnErrorOptions(include=[], exclude=[])', 'invocation_command': 'dbt init', 'target_path': 'None', 'static_parser': 'True', 'send_anonymous_usage_stats': 'True'}
[0m10:58:12.842229 [debug] [MainThread]: Starter project path: C:\Users\simon\Documents\dbt\azure\Lib\site-packages\dbt\include\starter_project
[0m10:58:12.940753 [info ] [MainThread]: 
Your new dbt project "youtube" was created!

For more information on how to configure the profiles.yml file,
please consult the dbt documentation here:

  https://docs.getdbt.com/docs/configure-your-profile

One more thing:

Need help? Don't hesitate to reach out to us via GitHub issues or on Slack:

  https://community.getdbt.com/

Happy modeling!

[0m10:58:12.949024 [info ] [MainThread]: Setting up your profile.
[0m10:58:47.770421 [debug] [MainThread]: Spark adapter: Setting pyhive.hive logging to ERROR
[0m10:58:47.772405 [debug] [MainThread]: Spark adapter: Setting thrift.transport logging to ERROR
[0m10:58:47.774245 [debug] [MainThread]: Spark adapter: Setting thrift.protocol logging to ERROR
[0m11:00:58.803861 [info ] [MainThread]: Profile youtube written to C:\Users\simon\.dbt\profiles.yml using target's profile_template.yml and your supplied values. Run 'dbt debug' to validate the connection.
[0m11:00:58.809997 [debug] [MainThread]: Command `dbt init` succeeded at 11:00:58.809997 after 177.73 seconds
[0m11:00:58.811997 [debug] [MainThread]: Sending event: {'category': 'dbt', 'action': 'invocation', 'label': 'end', 'context': [<snowplow_tracker.self_describing_json.SelfDescribingJson object at 0x0000015034BCD2B0>, <snowplow_tracker.self_describing_json.SelfDescribingJson object at 0x000001503F5C4560>, <snowplow_tracker.self_describing_json.SelfDescribingJson object at 0x000001503F5F2C60>]}
[0m11:00:58.813995 [debug] [MainThread]: Flushing usage events
[0m11:00:59.969674 [debug] [MainThread]: An error was encountered while trying to flush usage events
